#
# There is insufficient memory for the Java Runtime Environment to continue.
# Native memory allocation (mmap) failed to map 264241152 bytes for Failed to commit area from 0x0000000704a00000 to 0x0000000714600000 of length 264241152.
# Possible reasons:
#   The system is out of physical RAM or swap space
#   The process is running with CompressedOops enabled, and the Java Heap may be blocking the growth of the native heap
# Possible solutions:
#   Reduce memory load on the system
#   Increase physical memory or swap space
#   Check if swap backing store is full
#   Decrease Java heap size (-Xmx/-Xms)
#   Decrease number of Java threads
#   Decrease Java thread stack sizes (-Xss)
#   Set larger code cache with -XX:ReservedCodeCacheSize=
# This output file may be truncated or incomplete.
#
#  Out of Memory Error (./src/hotspot/os/windows/os_windows.cpp:3380), pid=38388, tid=43500
#
# JRE version:  (11.0.12+7) (build )
# Java VM: OpenJDK 64-Bit Server VM (11.0.12+7, mixed mode, sharing, tiered, compressed oops, g1 gc, windows-amd64)
# No core dump will be written. Minidumps are not enabled by default on client versions of Windows
#

---------------  S U M M A R Y ------------

Command Line: com.xamarin.manifestmerger.Main obj\Debug\net6.0-android\android\manifestmerger.rsp

Host: 11th Gen Intel(R) Core(TM) i7-11800H @ 2.30GHz, 16 cores, 15G,  Windows 10 , 64 bit Build 22000 (10.0.22000.708)
Time: Sat Sep 24 09:37:26 2022 India Standard Time elapsed time: 0.016181 seconds (0d 0h 0m 0s)

---------------  T H R E A D  ---------------

Current thread (0x0000024f266a4800):  JavaThread "Unknown thread" [_thread_in_vm, id=43500, stack(0x0000006228800000,0x0000006228900000)]

Stack: [0x0000006228800000,0x0000006228900000]
Native frames: (J=compiled Java code, j=interpreted, Vv=VM code, C=native code)
V  [jvm.dll+0x6090fa]
V  [jvm.dll+0x79229e]
V  [jvm.dll+0x79396f]
V  [jvm.dll+0x794033]
V  [jvm.dll+0x24bed8]
V  [jvm.dll+0x60624a]
V  [jvm.dll+0x5facf5]
V  [jvm.dll+0x303b5c]
V  [jvm.dll+0x3039e2]
V  [jvm.dll+0x308706]
V  [jvm.dll+0x34d5cf]
V  [jvm.dll+0x34d000]
V  [jvm.dll+0x2e0c68]
V  [jvm.dll+0x2e1dc6]
V  [jvm.dll+0x76d627]
V  [jvm.dll+0x76edaf]
V  [jvm.dll+0x35a359]
V  [jvm.dll+0x750710]
V  [jvm.dll+0x3c1f8f]
V  [jvm.dll+0x3c4461]
C  [jli.dll+0x5207]
C  [ucrtbase.dll+0x26c0c]
C  [KERNEL32.DLL+0x154e0]
C  [ntdll.dll+0x485b]


---------------  P R O C E S S  ---------------

Threads class SMR info:
_java_thread_list=0x0000024f242f42c0, length=0, elements={
}

Java Threads: ( => current thread )

Other Threads:
  0x0000024f266b8800 GCTaskThread "GC Thread#0" [stack: 0x0000006228900000,0x0000006228a00000] [id=35668]
  0x0000024f26714000 ConcurrentGCThread "G1 Main Marker" [stack: 0x0000006228a00000,0x0000006228b00000] [id=16208]
  0x0000024f26716000 ConcurrentGCThread "G1 Conc#0" [stack: 0x0000006228b00000,0x0000006228c00000] [id=21120]

[error occurred during error reporting (printing all threads), id 0xc0000005, EXCEPTION_ACCESS_VIOLATION (0xc0000005) at pc=0x00007ffc1fe50337]

VM state:not at safepoint (not fully initialized)

VM Mutex/Monitor currently owned by a thread:  ([mutex/lock_event])
[0x0000024f2669f390] Heap_lock - owner thread: 0x0000024f266a4800

Heap address: 0x0000000704a00000, size: 4022 MB, Compressed Oops mode: Non-zero based: 0x0000000704a00000
Narrow klass base: 0x0000000000000000, Narrow klass shift: 0

GC Heap History (0 events):
No events

Deoptimization events (0 events):
No events

Classes redefined (0 events):
No events

Internal exceptions (0 events):
No events

Events (1 events):
Event: 0.011 Loaded shared library C:\Program Files\Microsoft\jdk-11.0.12.7-hotspot\bin\zip.dll


Dynamic libraries:
0x00007ff604730000 - 0x00007ff60473d000 	C:\Program Files\Microsoft\jdk-11.0.12.7-hotspot\bin\java.exe
0x00007ffd49b60000 - 0x00007ffd49d69000 	C:\Windows\SYSTEM32\ntdll.dll
0x00007ffd47b80000 - 0x00007ffd47c3d000 	C:\Windows\System32\KERNEL32.DLL
0x00007ffd474a0000 - 0x00007ffd4781c000 	C:\Windows\System32\KERNELBASE.dll
0x00007ffd47070000 - 0x00007ffd47181000 	C:\Windows\System32\ucrtbase.dll
0x00007ffd40ce0000 - 0x00007ffd40cf7000 	C:\Program Files\Microsoft\jdk-11.0.12.7-hotspot\bin\jli.dll
0x00007ffd37480000 - 0x00007ffd37495000 	C:\Program Files\Microsoft\jdk-11.0.12.7-hotspot\bin\VCRUNTIME140.dll
0x00007ffd48e10000 - 0x00007ffd48fbd000 	C:\Windows\System32\USER32.dll
0x00007ffd47040000 - 0x00007ffd47066000 	C:\Windows\System32\win32u.dll
0x00007ffd29ee0000 - 0x00007ffd2a185000 	C:\Windows\WinSxS\amd64_microsoft.windows.common-controls_6595b64144ccf1df_6.0.22000.120_none_9d947278b86cc467\COMCTL32.dll
0x00007ffd49940000 - 0x00007ffd49969000 	C:\Windows\System32\GDI32.dll
0x00007ffd479f0000 - 0x00007ffd47a93000 	C:\Windows\System32\msvcrt.dll
0x00007ffd47190000 - 0x00007ffd472a9000 	C:\Windows\System32\gdi32full.dll
0x00007ffd47890000 - 0x00007ffd4792d000 	C:\Windows\System32\msvcp_win.dll
0x00007ffd48220000 - 0x00007ffd48251000 	C:\Windows\System32\IMM32.DLL
0x00007ffc6ce90000 - 0x00007ffc6cf2b000 	C:\Program Files\Microsoft\jdk-11.0.12.7-hotspot\bin\msvcp140.dll
0x00007ffc1fb60000 - 0x00007ffc206c1000 	C:\Program Files\Microsoft\jdk-11.0.12.7-hotspot\bin\server\jvm.dll
0x00007ffd484a0000 - 0x00007ffd4854e000 	C:\Windows\System32\ADVAPI32.dll
0x00007ffd49970000 - 0x00007ffd49a0e000 	C:\Windows\System32\sechost.dll
0x00007ffd48260000 - 0x00007ffd48380000 	C:\Windows\System32\RPCRT4.dll
0x00007ffd49af0000 - 0x00007ffd49af8000 	C:\Windows\System32\PSAPI.DLL
0x00007ffd33270000 - 0x00007ffd332a3000 	C:\Windows\SYSTEM32\WINMM.dll
0x00007ffd2ab80000 - 0x00007ffd2ab89000 	C:\Windows\SYSTEM32\WSOCK32.dll
0x00007ffd41a70000 - 0x00007ffd41a7a000 	C:\Windows\SYSTEM32\VERSION.dll
0x00007ffd47aa0000 - 0x00007ffd47b0f000 	C:\Windows\System32\WS2_32.dll
0x00007ffd46220000 - 0x00007ffd46238000 	C:\Windows\SYSTEM32\kernel.appcore.dll
0x00007ffd37f20000 - 0x00007ffd37f30000 	C:\Program Files\Microsoft\jdk-11.0.12.7-hotspot\bin\verify.dll
0x00007ffd44d20000 - 0x00007ffd44f41000 	C:\Windows\SYSTEM32\DBGHELP.DLL
0x00007ffd2d770000 - 0x00007ffd2d7a1000 	C:\Windows\SYSTEM32\dbgcore.DLL
0x00007ffd472b0000 - 0x00007ffd4732f000 	C:\Windows\System32\bcryptPrimitives.dll
0x00007ffcd1dd0000 - 0x00007ffcd1df8000 	C:\Program Files\Microsoft\jdk-11.0.12.7-hotspot\bin\java.dll
0x00007ffd37730000 - 0x00007ffd3773a000 	C:\Program Files\Microsoft\jdk-11.0.12.7-hotspot\bin\jimage.dll
0x00007ffd324b0000 - 0x00007ffd324c7000 	C:\Program Files\Microsoft\jdk-11.0.12.7-hotspot\bin\zip.dll

dbghelp: loaded successfully - version: 4.0.5 - missing functions: none
symbol engine: initialized successfully - sym options: 0x614 - pdb path: .;C:\Program Files\Microsoft\jdk-11.0.12.7-hotspot\bin;C:\Windows\SYSTEM32;C:\Windows\WinSxS\amd64_microsoft.windows.common-controls_6595b64144ccf1df_6.0.22000.120_none_9d947278b86cc467;C:\Program Files\Microsoft\jdk-11.0.12.7-hotspot\bin\server

VM Arguments:
java_command: com.xamarin.manifestmerger.Main obj\Debug\net6.0-android\android\manifestmerger.rsp
java_class_path (initial): C:\Program Files\dotnet\packs\Microsoft.Android.Sdk.Windows\32.0.448\tools\manifestmerger.jar
Launcher Type: SUN_STANDARD

[Global flags]
     intx CICompilerCount                          = 12                                        {product} {ergonomic}
     uint ConcGCThreads                            = 3                                         {product} {ergonomic}
     uint G1ConcRefinementThreads                  = 13                                        {product} {ergonomic}
   size_t G1HeapRegionSize                         = 1048576                                   {product} {ergonomic}
    uintx GCDrainStackTargetSize                   = 64                                        {product} {ergonomic}
   size_t InitialHeapSize                          = 264241152                                 {product} {ergonomic}
   size_t MarkStackSize                            = 4194304                                   {product} {ergonomic}
   size_t MaxHeapSize                              = 4217372672                                {product} {ergonomic}
   size_t MinHeapDeltaBytes                        = 1048576                                   {product} {ergonomic}
    uintx NonNMethodCodeHeapSize                   = 7594288                                {pd product} {ergonomic}
    uintx NonProfiledCodeHeapSize                  = 122031976                              {pd product} {ergonomic}
    uintx ProfiledCodeHeapSize                     = 122031976                              {pd product} {ergonomic}
    uintx ReservedCodeCacheSize                    = 251658240                              {pd product} {ergonomic}
     bool SegmentedCodeCache                       = true                                      {product} {ergonomic}
     bool UseCompressedClassPointers               = true                                 {lp64_product} {ergonomic}
     bool UseCompressedOops                        = true                                 {lp64_product} {ergonomic}
     bool UseG1GC                                  = true                                      {product} {ergonomic}
     bool UseLargePagesIndividualAllocation        = false                                  {pd product} {ergonomic}

Logging:
Log output configuration:
 #0: stdout all=warning uptime,level,tags
 #1: stderr all=off uptime,level,tags

Environment Variables:
PATH=C:\Program Files\Microsoft\jdk-11.0.12.7-hotspot\bin;C:\Windows\system32;C:\Windows;C:\Windows\System32\Wbem;C:\Windows\System32\WindowsPowerShell\v1.0\;C:\Windows\System32\OpenSSH\;C:\Program Files (x86)\NVIDIA Corporation\PhysX\Common;C:\Program Files\NVIDIA Corporation\NVIDIA NvDLISR;C:\Program Files\nodejs\;C:\Program Files\dotnet\;C:\Program Files\Git\cmd;C:\Users\cenen\AppData\Local\Microsoft\WindowsApps;C:\Users\cenen\AppData\Roaming\npm;C:\Users\cenen\AppData\Local\Programs\Microsoft VS Code\bin;C:\Program Files\JetBrains\PyCharm Community Edition 2022.2\bin;;C:\Users\cenen\.dotnet\tools
USERNAME=cenen
OS=Windows_NT
PROCESSOR_IDENTIFIER=Intel64 Family 6 Model 141 Stepping 1, GenuineIntel



---------------  S Y S T E M  ---------------

OS: Windows 10 , 64 bit Build 22000 (10.0.22000.708)
OS uptime: 5 days 19:04 hours

CPU:total 16 (initial active 16) (8 cores per cpu, 2 threads per core) family 6 model 141 stepping 1 microcode 0x26, cmov, cx8, fxsr, mmx, sse, sse2, sse3, ssse3, sse4.1, sse4.2, popcnt, avx, avx2, aes, clmul, erms, 3dnowpref, lzcnt, ht, tsc, tscinvbit, bmi1, bmi2, adx, evex, sha, fma

Memory: 4k page, system-wide physical 16085M (293M free)
TotalPageFile size 49465M (AvailPageFile size 88M)
current process WorkingSet (physical memory assigned to process): 10M, peak: 10M
current process commit charge ("private bytes"): 71M, peak: 323M

vm_info: OpenJDK 64-Bit Server VM (11.0.12+7) for windows-amd64 JRE (11.0.12+7), built on Jul 21 2021 15:41:43 by "" with unknown MS VC++:1916

END.
